{"numFailedTestSuites":0,"numFailedTests":0,"numPassedTestSuites":1,"numPassedTests":19,"numPendingTestSuites":0,"numPendingTests":0,"numRuntimeErrorTestSuites":0,"numTodoTests":0,"numTotalTestSuites":1,"numTotalTests":19,"openHandles":[],"snapshot":{"added":0,"didUpdate":false,"failure":false,"filesAdded":0,"filesRemoved":0,"filesRemovedList":[],"filesUnmatched":0,"filesUpdated":0,"matched":0,"total":0,"unchecked":0,"uncheckedKeysByFile":[],"unmatched":0,"updated":0},"startTime":1753401265399,"success":true,"testResults":[{"assertionResults":[{"ancestorTitles":["API Test Suite for Note Management Backend","Authentication (POST /login)"],"duration":11,"failing":false,"failureDetails":[],"failureMessages":[],"fullName":"API Test Suite for Note Management Backend Authentication (POST /login) Positive: Successful login with valid credentials - should return 200 and a token","invocations":1,"location":null,"numPassingAsserts":6,"retryReasons":[],"startAt":1753401266566,"status":"passed","title":"Positive: Successful login with valid credentials - should return 200 and a token"},{"ancestorTitles":["API Test Suite for Note Management Backend","Authentication (POST /login)"],"duration":5,"failing":false,"failureDetails":[],"failureMessages":[],"fullName":"API Test Suite for Note Management Backend Authentication (POST /login) Negative: Failed login with invalid credentials - should return 401","invocations":1,"location":null,"numPassingAsserts":2,"retryReasons":[],"startAt":1753401266580,"status":"passed","title":"Negative: Failed login with invalid credentials - should return 401"},{"ancestorTitles":["API Test Suite for Note Management Backend","Authentication (POST /login)"],"duration":9,"failing":false,"failureDetails":[],"failureMessages":[],"fullName":"API Test Suite for Note Management Backend Authentication (POST /login) Negative: Failed login with missing username - should return 401","invocations":1,"location":null,"numPassingAsserts":2,"retryReasons":[],"startAt":1753401266586,"status":"passed","title":"Negative: Failed login with missing username - should return 401"},{"ancestorTitles":["API Test Suite for Note Management Backend","Authentication (POST /login)"],"duration":7,"failing":false,"failureDetails":[],"failureMessages":[],"fullName":"API Test Suite for Note Management Backend Authentication (POST /login) Negative: Failed login with missing password - should return 401","invocations":1,"location":null,"numPassingAsserts":2,"retryReasons":[],"startAt":1753401266596,"status":"passed","title":"Negative: Failed login with missing password - should return 401"},{"ancestorTitles":["API Test Suite for Note Management Backend","Item Creation (POST /items)"],"duration":13,"failing":false,"failureDetails":[],"failureMessages":[],"fullName":"API Test Suite for Note Management Backend Item Creation (POST /items) Positive: Successfully creating a new item - should return 201 and the new item","invocations":1,"location":null,"numPassingAsserts":4,"retryReasons":[],"startAt":1753401266604,"status":"passed","title":"Positive: Successfully creating a new item - should return 201 and the new item"},{"ancestorTitles":["API Test Suite for Note Management Backend","Item Creation (POST /items)"],"duration":6,"failing":false,"failureDetails":[],"failureMessages":[],"fullName":"API Test Suite for Note Management Backend Item Creation (POST /items) Negative: Attempting to create an item with missing title - should return 400","invocations":1,"location":null,"numPassingAsserts":2,"retryReasons":[],"startAt":1753401266618,"status":"passed","title":"Negative: Attempting to create an item with missing title - should return 400"},{"ancestorTitles":["API Test Suite for Note Management Backend","Item Creation (POST /items)"],"duration":7,"failing":false,"failureDetails":[],"failureMessages":[],"fullName":"API Test Suite for Note Management Backend Item Creation (POST /items) Negative: Attempting to create an item with missing content - should return 400","invocations":1,"location":null,"numPassingAsserts":2,"retryReasons":[],"startAt":1753401266627,"status":"passed","title":"Negative: Attempting to create an item with missing content - should return 400"},{"ancestorTitles":["API Test Suite for Note Management Backend","Item Creation (POST /items)"],"duration":7,"failing":false,"failureDetails":[],"failureMessages":[],"fullName":"API Test Suite for Note Management Backend Item Creation (POST /items) Negative: Attempting to create an item without authentication - should return 401","invocations":1,"location":null,"numPassingAsserts":2,"retryReasons":[],"startAt":1753401266635,"status":"passed","title":"Negative: Attempting to create an item without authentication - should return 401"},{"ancestorTitles":["API Test Suite for Note Management Backend","Items Retrieval (GET /items, GET /items/:id)"],"duration":7,"failing":false,"failureDetails":[],"failureMessages":[],"fullName":"API Test Suite for Note Management Backend Items Retrieval (GET /items, GET /items/:id) Positive: Fetching all items - should retrieve all items for an authenticated user","invocations":1,"location":null,"numPassingAsserts":3,"retryReasons":[],"startAt":1753401266644,"status":"passed","title":"Positive: Fetching all items - should retrieve all items for an authenticated user"},{"ancestorTitles":["API Test Suite for Note Management Backend","Items Retrieval (GET /items, GET /items/:id)"],"duration":5,"failing":false,"failureDetails":[],"failureMessages":[],"fullName":"API Test Suite for Note Management Backend Items Retrieval (GET /items, GET /items/:id) Negative: Fetching all items - should return 401 if no token is provided","invocations":1,"location":null,"numPassingAsserts":2,"retryReasons":[],"startAt":1753401266652,"status":"passed","title":"Negative: Fetching all items - should return 401 if no token is provided"},{"ancestorTitles":["API Test Suite for Note Management Backend","Items Retrieval (GET /items, GET /items/:id)"],"duration":6,"failing":false,"failureDetails":[],"failureMessages":[],"fullName":"API Test Suite for Note Management Backend Items Retrieval (GET /items, GET /items/:id) Negative: Fetching all items - should return 401 for an invalid token","invocations":1,"location":null,"numPassingAsserts":2,"retryReasons":[],"startAt":1753401266659,"status":"passed","title":"Negative: Fetching all items - should return 401 for an invalid token"},{"ancestorTitles":["API Test Suite for Note Management Backend","Item Update (PUT /items/:id)"],"duration":8,"failing":false,"failureDetails":[],"failureMessages":[],"fullName":"API Test Suite for Note Management Backend Item Update (PUT /items/:id) Positive: Successfully updating an existing item - should return 200 and the updated item","invocations":1,"location":null,"numPassingAsserts":4,"retryReasons":[],"startAt":1753401266667,"status":"passed","title":"Positive: Successfully updating an existing item - should return 200 and the updated item"},{"ancestorTitles":["API Test Suite for Note Management Backend","Item Update (PUT /items/:id)"],"duration":7,"failing":false,"failureDetails":[],"failureMessages":[],"fullName":"API Test Suite for Note Management Backend Item Update (PUT /items/:id) Negative: Attempting to update a non-existent item - should return 404","invocations":1,"location":null,"numPassingAsserts":2,"retryReasons":[],"startAt":1753401266678,"status":"passed","title":"Negative: Attempting to update a non-existent item - should return 404"},{"ancestorTitles":["API Test Suite for Note Management Backend","Item Update (PUT /items/:id)"],"duration":5,"failing":false,"failureDetails":[],"failureMessages":[],"fullName":"API Test Suite for Note Management Backend Item Update (PUT /items/:id) Negative: Attempting to update an item with missing title - should return 400","invocations":1,"location":null,"numPassingAsserts":2,"retryReasons":[],"startAt":1753401266686,"status":"passed","title":"Negative: Attempting to update an item with missing title - should return 400"},{"ancestorTitles":["API Test Suite for Note Management Backend","Item Update (PUT /items/:id)"],"duration":6,"failing":false,"failureDetails":[],"failureMessages":[],"fullName":"API Test Suite for Note Management Backend Item Update (PUT /items/:id) Negative: Attempting to update an item with missing content - should return 400","invocations":1,"location":null,"numPassingAsserts":2,"retryReasons":[],"startAt":1753401266694,"status":"passed","title":"Negative: Attempting to update an item with missing content - should return 400"},{"ancestorTitles":["API Test Suite for Note Management Backend","Item Update (PUT /items/:id)"],"duration":5,"failing":false,"failureDetails":[],"failureMessages":[],"fullName":"API Test Suite for Note Management Backend Item Update (PUT /items/:id) Negative: Attempting to update an item without authentication - should return 401","invocations":1,"location":null,"numPassingAsserts":2,"retryReasons":[],"startAt":1753401266701,"status":"passed","title":"Negative: Attempting to update an item without authentication - should return 401"},{"ancestorTitles":["API Test Suite for Note Management Backend","Item Deletion (DELETE /items/:id)"],"duration":18,"failing":false,"failureDetails":[],"failureMessages":[],"fullName":"API Test Suite for Note Management Backend Item Deletion (DELETE /items/:id) Positive: Successfully deleting an existing item - should return 204 No Content","invocations":1,"location":null,"numPassingAsserts":6,"retryReasons":[],"startAt":1753401266707,"status":"passed","title":"Positive: Successfully deleting an existing item - should return 204 No Content"},{"ancestorTitles":["API Test Suite for Note Management Backend","Item Deletion (DELETE /items/:id)"],"duration":10,"failing":false,"failureDetails":[],"failureMessages":[],"fullName":"API Test Suite for Note Management Backend Item Deletion (DELETE /items/:id) Negative: Attempting to delete a non-existent item - should return 404","invocations":1,"location":null,"numPassingAsserts":3,"retryReasons":[],"startAt":1753401266726,"status":"passed","title":"Negative: Attempting to delete a non-existent item - should return 404"},{"ancestorTitles":["API Test Suite for Note Management Backend","Item Deletion (DELETE /items/:id)"],"duration":12,"failing":false,"failureDetails":[],"failureMessages":[],"fullName":"API Test Suite for Note Management Backend Item Deletion (DELETE /items/:id) Negative: Attempting to delete an item without authentication - should return 401","invocations":1,"location":null,"numPassingAsserts":3,"retryReasons":[],"startAt":1753401266737,"status":"passed","title":"Negative: Attempting to delete an item without authentication - should return 401"}],"endTime":1753401266752,"message":"","name":"C:\\Users\\WOODHIAMBO\\OneDrive - SAFARICOM PLC\\Desktop\\UIAPIautomation\\supertests\\apitests.test.js","startTime":1753401265547,"status":"passed","summary":""}],"wasInterrupted":false}
